<?xml version="1.0" encoding="UTF-8"?>
<!-- Generated by org.testng.reporters.JUnitXMLReporter -->
<testsuite ignored="1" hostname="DESKTOP-PHF8H38" failures="0" tests="1" name="Default test" time="13.86" errors="0" timestamp="2023-11-03T11:56:37 IST">
  <testcase classname="com.master.qa.testcases.ShiftsPageTest" name="VerifyshiftspageTest" time="3.749"/>
  <testcase classname="com.master.qa.testcases.ShiftsPageTest" name="VerifyshiftspageTitleTest" time="0.0">
    <ignored/>
  </testcase> <!-- VerifyshiftspageTitleTest -->
</testsuite> <!-- Default test -->
