<?xml version="1.0" encoding="UTF-8"?>
<testng-results ignored="0" total="8" passed="8" failed="0" skipped="0">
  <reporter-output>
  </reporter-output>
  <suite started-at="2023-10-20T09:41:45 IST" name="Suite" finished-at="2023-10-20T09:43:05 IST" duration-ms="80111">
    <groups>
    </groups>
    <test started-at="2023-10-20T09:41:45 IST" name="Test" finished-at="2023-10-20T09:43:05 IST" duration-ms="80111">
      <class name="com.empire.qa.testcases.HomePageTest">
        <test-method is-config="true" signature="setup()[pri:0, instance:com.empire.qa.testcases.HomePageTest@f0e995e]" started-at="2023-10-20T09:42:34 IST" name="setup" finished-at="2023-10-20T09:42:40 IST" duration-ms="5399" status="PASS">
          <reporter-output>
          </reporter-output>
        </test-method> <!-- setup -->
        <test-method signature="VerifyEhomepageTitleTest()[pri:0, instance:com.empire.qa.testcases.HomePageTest@f0e995e]" started-at="2023-10-20T09:42:40 IST" name="VerifyEhomepageTitleTest" finished-at="2023-10-20T09:42:40 IST" duration-ms="11" status="PASS">
          <reporter-output>
          </reporter-output>
        </test-method> <!-- VerifyEhomepageTitleTest -->
        <test-method is-config="true" signature="teardown()[pri:0, instance:com.empire.qa.testcases.HomePageTest@f0e995e]" started-at="2023-10-20T09:42:40 IST" name="teardown" finished-at="2023-10-20T09:42:40 IST" duration-ms="131" status="PASS">
          <reporter-output>
          </reporter-output>
        </test-method> <!-- teardown -->
        <test-method is-config="true" signature="setup()[pri:0, instance:com.empire.qa.testcases.HomePageTest@f0e995e]" started-at="2023-10-20T09:42:40 IST" name="setup" finished-at="2023-10-20T09:42:46 IST" duration-ms="6008" status="PASS">
          <reporter-output>
          </reporter-output>
        </test-method> <!-- setup -->
        <test-method signature="VerifyHomePageTest()[pri:0, instance:com.empire.qa.testcases.HomePageTest@f0e995e]" started-at="2023-10-20T09:42:46 IST" name="VerifyHomePageTest" finished-at="2023-10-20T09:42:52 IST" duration-ms="6751" status="PASS">
          <reporter-output>
          </reporter-output>
        </test-method> <!-- VerifyHomePageTest -->
        <test-method is-config="true" signature="teardown()[pri:0, instance:com.empire.qa.testcases.HomePageTest@f0e995e]" started-at="2023-10-20T09:42:52 IST" name="teardown" finished-at="2023-10-20T09:42:53 IST" duration-ms="222" status="PASS">
          <reporter-output>
          </reporter-output>
        </test-method> <!-- teardown -->
      </class> <!-- com.empire.qa.testcases.HomePageTest -->
      <class name="com.empire.qa.testcases.AddInventoryPageTest">
        <test-method is-config="true" signature="setup()[pri:0, instance:com.empire.qa.testcases.AddInventoryPageTest@41925502]" started-at="2023-10-20T09:41:46 IST" name="setup" finished-at="2023-10-20T09:41:59 IST" duration-ms="13453" status="PASS">
          <reporter-output>
          </reporter-output>
        </test-method> <!-- setup -->
        <test-method signature="VerifyAddInventoryTest(java.lang.String,java.lang.String,java.lang.String,java.lang.String,java.lang.String,java.lang.String,java.lang.String,java.lang.String,java.lang.String,java.lang.String,java.lang.String,java.lang.String,java.lang.String)[pri:0, instance:com.empire.qa.testcases.AddInventoryPageTest@41925502]" started-at="2023-10-20T09:41:59 IST" name="VerifyAddInventoryTest" data-provider="ExcelData" finished-at="2023-10-20T09:42:05 IST" duration-ms="5205" status="PASS">
          <params>
            <param index="0">
              <value>
                <![CDATA[EMPOO3]]>
              </value>
            </param>
            <param index="1">
              <value>
                <![CDATA[Sleepwell]]>
              </value>
            </param>
            <param index="2">
              <value>
                <![CDATA[Happysleep]]>
              </value>
            </param>
            <param index="3">
              <value>
                <![CDATA[Peps]]>
              </value>
            </param>
            <param index="4">
              <value>
                <![CDATA[6]]>
              </value>
            </param>
            <param index="5">
              <value>
                <![CDATA[9]]>
              </value>
            </param>
            <param index="6">
              <value>
                <![CDATA[3]]>
              </value>
            </param>
            <param index="7">
              <value>
                <![CDATA[Blue]]>
              </value>
            </param>
            <param index="8">
              <value>
                <![CDATA[12000]]>
              </value>
            </param>
            <param index="9">
              <value>
                <![CDATA[P101]]>
              </value>
            </param>
            <param index="10">
              <value>
                <![CDATA[Peprayon]]>
              </value>
            </param>
            <param index="11">
              <value>
                <![CDATA[10078]]>
              </value>
            </param>
            <param index="12">
              <value>
                <![CDATA[2]]>
              </value>
            </param>
          </params>
          <reporter-output>
          </reporter-output>
        </test-method> <!-- VerifyAddInventoryTest -->
        <test-method is-config="true" signature="teardown()[pri:0, instance:com.empire.qa.testcases.AddInventoryPageTest@41925502]" started-at="2023-10-20T09:42:05 IST" name="teardown" finished-at="2023-10-20T09:42:05 IST" duration-ms="316" status="PASS">
          <reporter-output>
          </reporter-output>
        </test-method> <!-- teardown -->
        <test-method is-config="true" signature="setup()[pri:0, instance:com.empire.qa.testcases.AddInventoryPageTest@41925502]" started-at="2023-10-20T09:42:05 IST" name="setup" finished-at="2023-10-20T09:42:17 IST" duration-ms="12291" status="PASS">
          <reporter-output>
          </reporter-output>
        </test-method> <!-- setup -->
        <test-method signature="VerifyAddInventoryTest(java.lang.String,java.lang.String,java.lang.String,java.lang.String,java.lang.String,java.lang.String,java.lang.String,java.lang.String,java.lang.String,java.lang.String,java.lang.String,java.lang.String,java.lang.String)[pri:0, instance:com.empire.qa.testcases.AddInventoryPageTest@41925502]" started-at="2023-10-20T09:42:17 IST" name="VerifyAddInventoryTest" data-provider="ExcelData" finished-at="2023-10-20T09:42:22 IST" duration-ms="4629" status="PASS">
          <params>
            <param index="0">
              <value>
                <![CDATA[EMP007]]>
              </value>
            </param>
            <param index="1">
              <value>
                <![CDATA[Goodsleep]]>
              </value>
            </param>
            <param index="2">
              <value>
                <![CDATA[Betternight]]>
              </value>
            </param>
            <param index="3">
              <value>
                <![CDATA[Centuary]]>
              </value>
            </param>
            <param index="4">
              <value>
                <![CDATA[5]]>
              </value>
            </param>
            <param index="5">
              <value>
                <![CDATA[7]]>
              </value>
            </param>
            <param index="6">
              <value>
                <![CDATA[4]]>
              </value>
            </param>
            <param index="7">
              <value>
                <![CDATA[Purple]]>
              </value>
            </param>
            <param index="8">
              <value>
                <![CDATA[14000]]>
              </value>
            </param>
            <param index="9">
              <value>
                <![CDATA[C1001]]>
              </value>
            </param>
            <param index="10">
              <value>
                <![CDATA[Centext]]>
              </value>
            </param>
            <param index="11">
              <value>
                <![CDATA[1]]>
              </value>
            </param>
            <param index="12">
              <value>
                <![CDATA[2]]>
              </value>
            </param>
          </params>
          <reporter-output>
          </reporter-output>
        </test-method> <!-- VerifyAddInventoryTest -->
        <test-method is-config="true" signature="teardown()[pri:0, instance:com.empire.qa.testcases.AddInventoryPageTest@41925502]" started-at="2023-10-20T09:42:22 IST" name="teardown" finished-at="2023-10-20T09:42:22 IST" duration-ms="269" status="PASS">
          <reporter-output>
          </reporter-output>
        </test-method> <!-- teardown -->
        <test-method is-config="true" signature="setup()[pri:0, instance:com.empire.qa.testcases.AddInventoryPageTest@41925502]" started-at="2023-10-20T09:42:22 IST" name="setup" finished-at="2023-10-20T09:42:34 IST" duration-ms="11805" status="PASS">
          <reporter-output>
          </reporter-output>
        </test-method> <!-- setup -->
        <test-method signature="VerifyaddinventoryTitleTest()[pri:0, instance:com.empire.qa.testcases.AddInventoryPageTest@41925502]" started-at="2023-10-20T09:42:34 IST" name="VerifyaddinventoryTitleTest" finished-at="2023-10-20T09:42:34 IST" duration-ms="9" status="PASS">
          <reporter-output>
          </reporter-output>
        </test-method> <!-- VerifyaddinventoryTitleTest -->
        <test-method is-config="true" signature="teardown()[pri:0, instance:com.empire.qa.testcases.AddInventoryPageTest@41925502]" started-at="2023-10-20T09:42:34 IST" name="teardown" finished-at="2023-10-20T09:42:34 IST" duration-ms="191" status="PASS">
          <reporter-output>
          </reporter-output>
        </test-method> <!-- teardown -->
      </class> <!-- com.empire.qa.testcases.AddInventoryPageTest -->
      <class name="com.empire.qa.testcases.LoginPageTest">
        <test-method is-config="true" signature="setup()[pri:0, instance:com.empire.qa.testcases.LoginPageTest@4c37b5b]" started-at="2023-10-20T09:42:53 IST" name="setup" finished-at="2023-10-20T09:42:56 IST" duration-ms="3111" status="PASS">
          <reporter-output>
          </reporter-output>
        </test-method> <!-- setup -->
        <test-method signature="VerifyEhomeImageTest()[pri:0, instance:com.empire.qa.testcases.LoginPageTest@4c37b5b]" started-at="2023-10-20T09:42:56 IST" name="VerifyEhomeImageTest" finished-at="2023-10-20T09:42:56 IST" duration-ms="37" status="PASS">
          <reporter-output>
          </reporter-output>
        </test-method> <!-- VerifyEhomeImageTest -->
        <test-method is-config="true" signature="teardown()[pri:0, instance:com.empire.qa.testcases.LoginPageTest@4c37b5b]" started-at="2023-10-20T09:42:56 IST" name="teardown" finished-at="2023-10-20T09:42:56 IST" duration-ms="159" status="PASS">
          <reporter-output>
          </reporter-output>
        </test-method> <!-- teardown -->
        <test-method is-config="true" signature="setup()[pri:0, instance:com.empire.qa.testcases.LoginPageTest@4c37b5b]" started-at="2023-10-20T09:42:56 IST" name="setup" finished-at="2023-10-20T09:42:59 IST" duration-ms="3002" status="PASS">
          <reporter-output>
          </reporter-output>
        </test-method> <!-- setup -->
        <test-method signature="VerifyEhomeTitleTest()[pri:0, instance:com.empire.qa.testcases.LoginPageTest@4c37b5b]" started-at="2023-10-20T09:42:59 IST" name="VerifyEhomeTitleTest" finished-at="2023-10-20T09:42:59 IST" duration-ms="18" status="PASS">
          <reporter-output>
          </reporter-output>
        </test-method> <!-- VerifyEhomeTitleTest -->
        <test-method is-config="true" signature="teardown()[pri:0, instance:com.empire.qa.testcases.LoginPageTest@4c37b5b]" started-at="2023-10-20T09:42:59 IST" name="teardown" finished-at="2023-10-20T09:42:59 IST" duration-ms="122" status="PASS">
          <reporter-output>
          </reporter-output>
        </test-method> <!-- teardown -->
        <test-method is-config="true" signature="setup()[pri:0, instance:com.empire.qa.testcases.LoginPageTest@4c37b5b]" started-at="2023-10-20T09:42:59 IST" name="setup" finished-at="2023-10-20T09:43:02 IST" duration-ms="2979" status="PASS">
          <reporter-output>
          </reporter-output>
        </test-method> <!-- setup -->
        <test-method signature="VerifyLoginPageTest()[pri:0, instance:com.empire.qa.testcases.LoginPageTest@4c37b5b]" started-at="2023-10-20T09:43:02 IST" name="VerifyLoginPageTest" finished-at="2023-10-20T09:43:05 IST" duration-ms="2738" status="PASS">
          <reporter-output>
          </reporter-output>
        </test-method> <!-- VerifyLoginPageTest -->
        <test-method is-config="true" signature="teardown()[pri:0, instance:com.empire.qa.testcases.LoginPageTest@4c37b5b]" started-at="2023-10-20T09:43:05 IST" name="teardown" finished-at="2023-10-20T09:43:05 IST" duration-ms="154" status="PASS">
          <reporter-output>
          </reporter-output>
        </test-method> <!-- teardown -->
      </class> <!-- com.empire.qa.testcases.LoginPageTest -->
    </test> <!-- Test -->
  </suite> <!-- Suite -->
</testng-results>
