<?xml version="1.0" encoding="UTF-8"?>
<!-- Generated by org.testng.reporters.JUnitXMLReporter -->
<testsuite ignored="0" hostname="DESKTOP-PHF8H38" failures="0" tests="3" name="Default test" time="53.024" errors="0" timestamp="2023-10-20T09:41:10 IST">
  <testcase classname="com.empire.qa.testcases.AddInventoryPageTest" name="VerifyAddInventoryTest" time="5.535"/>
  <testcase classname="com.empire.qa.testcases.AddInventoryPageTest" name="VerifyAddInventoryTest" time="4.344"/>
  <testcase classname="com.empire.qa.testcases.AddInventoryPageTest" name="VerifyaddinventoryTitleTest" time="0.03"/>
</testsuite> <!-- Default test -->
