<?xml version="1.0" encoding="UTF-8"?>
<!-- Generated by org.testng.reporters.JUnitXMLReporter -->
<testsuite ignored="0" hostname="DESKTOP-PHF8H38" failures="0" tests="8" name="Test" time="80.111" errors="0" timestamp="2023-10-20T09:43:05 IST">
  <testcase classname="com.empire.qa.testcases.AddInventoryPageTest" name="VerifyAddInventoryTest" time="5.205"/>
  <testcase classname="com.empire.qa.testcases.AddInventoryPageTest" name="VerifyAddInventoryTest" time="4.629"/>
  <testcase classname="com.empire.qa.testcases.AddInventoryPageTest" name="VerifyaddinventoryTitleTest" time="0.009"/>
  <testcase classname="com.empire.qa.testcases.HomePageTest" name="VerifyEhomepageTitleTest" time="0.011"/>
  <testcase classname="com.empire.qa.testcases.HomePageTest" name="VerifyHomePageTest" time="6.751"/>
  <testcase classname="com.empire.qa.testcases.LoginPageTest" name="VerifyEhomeImageTest" time="0.037"/>
  <testcase classname="com.empire.qa.testcases.LoginPageTest" name="VerifyEhomeTitleTest" time="0.018"/>
  <testcase classname="com.empire.qa.testcases.LoginPageTest" name="VerifyLoginPageTest" time="2.738"/>
</testsuite> <!-- Test -->
